# JRE version: OpenJDK Runtime Environment (17.0.6) (build 17.0.6+0-b2043.56-10027231)
# Java VM: OpenJDK 64-Bit Server VM (17.0.6+0-b2043.56-10027231, mixed mode, tiered, compressed oops, compressed class ptrs, parallel gc, windows-amd64)
GC Precious Log:
 CPUs: 4 total, 4 available
 Memory: 16292M
 Large Page Support: Disabled
 NUMA Support: Disabled
 Compressed Oops: Enabled (32-bit)
 Alignments: Space 512K, Generation 512K, Heap 2M
 Heap Min Capacity: 8M
 Heap Initial Capacity: 256M
 Heap Max Capacity: 1536M
 Pre-touch: Disabled
 Parallel Workers: 4
Heap:
 PSYoungGen      total 143872K, used 75032K [0x00000000e0000000, 0x00000000eb380000, 0x0000000100000000)
  eden space 105984K, 52% used [0x00000000e0000000,0x00000000e36aa258,0x00000000e6780000)
  from space 37888K, 50% used [0x00000000e8e80000,0x00000000ea11c038,0x00000000eb380000)
  to   space 38912K, 0% used [0x00000000e6780000,0x00000000e6780000,0x00000000e8d80000)
 ParOldGen       total 292864K, used 238877K [0x00000000a0000000, 0x00000000b1e00000, 0x00000000e0000000)
  object space 292864K, 81% used [0x00000000a0000000,0x00000000ae947630,0x00000000b1e00000)
 Metaspace       used 152417K, committed 153536K, reserved 1187840K
  class space    used 19425K, committed 19968K, reserved 1048576K
GC Heap History (20 events):
Event: 1410.845 GC heap before
{Heap before GC invocations=85 (full 8):
 PSYoungGen      total 111616K, used 75509K [0x00000000e0000000, 0x00000000e9780000, 0x0000000100000000)
  eden space 72192K, 100% used [0x00000000e0000000,0x00000000e4680000,0x00000000e4680000)
  from space 39424K, 8% used [0x00000000e7100000,0x00000000e743d600,0x00000000e9780000)
  to   space 41472K, 0% used [0x00000000e4680000,0x00000000e4680000,0x00000000e6f00000)
 ParOldGen       total 306176K, used 224885K [0x00000000a0000000, 0x00000000b2b00000, 0x00000000e0000000)
  object space 306176K, 73% used [0x00000000a0000000,0x00000000adb9d560,0x00000000b2b00000)
 Metaspace       used 146928K, committed 147968K, reserved 1179648K
  class space    used 18727K, committed 19264K, reserved 1048576K
}
Event: 1410.865 GC heap after
{Heap after GC invocations=85 (full 8):
 PSYoungGen      total 113664K, used 1296K [0x00000000e0000000, 0x00000000e9e80000, 0x0000000100000000)
  eden space 72192K, 0% used [0x00000000e0000000,0x00000000e0000000,0x00000000e4680000)
  from space 41472K, 3% used [0x00000000e4680000,0x00000000e47c4050,0x00000000e6f00000)
  to   space 40960K, 0% used [0x00000000e7680000,0x00000000e7680000,0x00000000e9e80000)
 ParOldGen       total 306176K, used 225265K [0x00000000a0000000, 0x00000000b2b00000, 0x00000000e0000000)
  object space 306176K, 73% used [0x00000000a0000000,0x00000000adbfc408,0x00000000b2b00000)
 Metaspace       used 146928K, committed 147968K, reserved 1179648K
  class space    used 18727K, committed 19264K, reserved 1048576K
}
Event: 1475.522 GC heap before
{Heap before GC invocations=86 (full 8):
 PSYoungGen      total 113664K, used 73488K [0x00000000e0000000, 0x00000000e9e80000, 0x0000000100000000)
  eden space 72192K, 100% used [0x00000000e0000000,0x00000000e4680000,0x00000000e4680000)
  from space 41472K, 3% used [0x00000000e4680000,0x00000000e47c4050,0x00000000e6f00000)
  to   space 40960K, 0% used [0x00000000e7680000,0x00000000e7680000,0x00000000e9e80000)
 ParOldGen       total 306176K, used 225265K [0x00000000a0000000, 0x00000000b2b00000, 0x00000000e0000000)
  object space 306176K, 73% used [0x00000000a0000000,0x00000000adbfc408,0x00000000b2b00000)
 Metaspace       used 147856K, committed 148864K, reserved 1179648K
  class space    used 18848K, committed 19328K, reserved 1048576K
}
Event: 1475.527 GC heap after
{Heap after GC invocations=86 (full 8):
 PSYoungGen      total 113152K, used 11591K [0x00000000e0000000, 0x00000000e9780000, 0x0000000100000000)
  eden space 79360K, 0% used [0x00000000e0000000,0x00000000e0000000,0x00000000e4d80000)
  from space 33792K, 34% used [0x00000000e7680000,0x00000000e81d1db0,0x00000000e9780000)
  to   space 37888K, 0% used [0x00000000e4d80000,0x00000000e4d80000,0x00000000e7280000)
 ParOldGen       total 306176K, used 226449K [0x00000000a0000000, 0x00000000b2b00000, 0x00000000e0000000)
  object space 306176K, 73% used [0x00000000a0000000,0x00000000add24468,0x00000000b2b00000)
 Metaspace       used 147856K, committed 148864K, reserved 1179648K
  class space    used 18848K, committed 19328K, reserved 1048576K
}
Event: 1494.235 GC heap before
{Heap before GC invocations=87 (full 8):
 PSYoungGen      total 113152K, used 90951K [0x00000000e0000000, 0x00000000e9780000, 0x0000000100000000)
  eden space 79360K, 100% used [0x00000000e0000000,0x00000000e4d80000,0x00000000e4d80000)
  from space 33792K, 34% used [0x00000000e7680000,0x00000000e81d1db0,0x00000000e9780000)
  to   space 37888K, 0% used [0x00000000e4d80000,0x00000000e4d80000,0x00000000e7280000)
 ParOldGen       total 306176K, used 226449K [0x00000000a0000000, 0x00000000b2b00000, 0x00000000e0000000)
  object space 306176K, 73% used [0x00000000a0000000,0x00000000add24468,0x00000000b2b00000)
 Metaspace       used 147858K, committed 148864K, reserved 1179648K
  class space    used 18848K, committed 19328K, reserved 1048576K
}
Event: 1494.242 GC heap after
{Heap after GC invocations=87 (full 8):
 PSYoungGen      total 117248K, used 24218K [0x00000000e0000000, 0x00000000ea200000, 0x0000000100000000)
  eden space 79360K, 0% used [0x00000000e0000000,0x00000000e0000000,0x00000000e4d80000)
  from space 37888K, 63% used [0x00000000e4d80000,0x00000000e6526b40,0x00000000e7280000)
  to   space 39936K, 0% used [0x00000000e7b00000,0x00000000e7b00000,0x00000000ea200000)
 ParOldGen       total 306176K, used 237709K [0x00000000a0000000, 0x00000000b2b00000, 0x00000000e0000000)
  object space 306176K, 77% used [0x00000000a0000000,0x00000000ae8237f8,0x00000000b2b00000)
 Metaspace       used 147858K, committed 148864K, reserved 1179648K
  class space    used 18848K, committed 19328K, reserved 1048576K
}
Event: 1498.877 GC heap before
{Heap before GC invocations=88 (full 8):
 PSYoungGen      total 117248K, used 103578K [0x00000000e0000000, 0x00000000ea200000, 0x0000000100000000)
  eden space 79360K, 100% used [0x00000000e0000000,0x00000000e4d80000,0x00000000e4d80000)
  from space 37888K, 63% used [0x00000000e4d80000,0x00000000e6526b40,0x00000000e7280000)
  to   space 39936K, 0% used [0x00000000e7b00000,0x00000000e7b00000,0x00000000ea200000)
 ParOldGen       total 306176K, used 237709K [0x00000000a0000000, 0x00000000b2b00000, 0x00000000e0000000)
  object space 306176K, 77% used [0x00000000a0000000,0x00000000ae8237f8,0x00000000b2b00000)
 Metaspace       used 148098K, committed 149120K, reserved 1179648K
  class space    used 18883K, committed 19392K, reserved 1048576K
}
Event: 1498.887 GC heap after
{Heap after GC invocations=88 (full 8):
 PSYoungGen      total 116736K, used 39919K [0x00000000e0000000, 0x00000000eb380000, 0x0000000100000000)
  eden space 76800K, 0% used [0x00000000e0000000,0x00000000e0000000,0x00000000e4b00000)
  from space 39936K, 99% used [0x00000000e7b00000,0x00000000ea1fbd28,0x00000000ea200000)
  to   space 49152K, 0% used [0x00000000e4b00000,0x00000000e4b00000,0x00000000e7b00000)
 ParOldGen       total 306176K, used 242269K [0x00000000a0000000, 0x00000000b2b00000, 0x00000000e0000000)
  object space 306176K, 79% used [0x00000000a0000000,0x00000000aec97570,0x00000000b2b00000)
 Metaspace       used 148098K, committed 149120K, reserved 1179648K
  class space    used 18883K, committed 19392K, reserved 1048576K
}
Event: 1536.457 GC heap before
{Heap before GC invocations=89 (full 8):
 PSYoungGen      total 116736K, used 116719K [0x00000000e0000000, 0x00000000eb380000, 0x0000000100000000)
  eden space 76800K, 100% used [0x00000000e0000000,0x00000000e4b00000,0x00000000e4b00000)
  from space 39936K, 99% used [0x00000000e7b00000,0x00000000ea1fbd28,0x00000000ea200000)
  to   space 49152K, 0% used [0x00000000e4b00000,0x00000000e4b00000,0x00000000e7b00000)
 ParOldGen       total 306176K, used 242269K [0x00000000a0000000, 0x00000000b2b00000, 0x00000000e0000000)
  object space 306176K, 79% used [0x00000000a0000000,0x00000000aec97570,0x00000000b2b00000)
 Metaspace       used 152453K, committed 153472K, reserved 1187840K
  class space    used 19443K, committed 19968K, reserved 1048576K
}
Event: 1536.484 GC heap after
{Heap after GC invocations=89 (full 8):
 PSYoungGen      total 125952K, used 14494K [0x00000000e0000000, 0x00000000eaa00000, 0x0000000100000000)
  eden space 76800K, 0% used [0x00000000e0000000,0x00000000e0000000,0x00000000e4b00000)
  from space 49152K, 29% used [0x00000000e4b00000,0x00000000e5927950,0x00000000e7b00000)
  to   space 46080K, 0% used [0x00000000e7d00000,0x00000000e7d00000,0x00000000eaa00000)
 ParOldGen       total 306176K, used 281966K [0x00000000a0000000, 0x00000000b2b00000, 0x00000000e0000000)
  object space 306176K, 92% used [0x00000000a0000000,0x00000000b135bb18,0x00000000b2b00000)
 Metaspace       used 152453K, committed 153472K, reserved 1187840K
  class space    used 19443K, committed 19968K, reserved 1048576K
}
Event: 1536.484 GC heap before
{Heap before GC invocations=90 (full 9):
 PSYoungGen      total 125952K, used 14494K [0x00000000e0000000, 0x00000000eaa00000, 0x0000000100000000)
  eden space 76800K, 0% used [0x00000000e0000000,0x00000000e0000000,0x00000000e4b00000)
  from space 49152K, 29% used [0x00000000e4b00000,0x00000000e5927950,0x00000000e7b00000)
  to   space 46080K, 0% used [0x00000000e7d00000,0x00000000e7d00000,0x00000000eaa00000)
 ParOldGen       total 306176K, used 281966K [0x00000000a0000000, 0x00000000b2b00000, 0x00000000e0000000)
  object space 306176K, 92% used [0x00000000a0000000,0x00000000b135bb18,0x00000000b2b00000)
 Metaspace       used 152453K, committed 153472K, reserved 1187840K
  class space    used 19443K, committed 19968K, reserved 1048576K
}
Event: 1536.723 GC heap after
{Heap after GC invocations=90 (full 9):
 PSYoungGen      total 114688K, used 0K [0x00000000e0000000, 0x00000000ea380000, 0x0000000100000000)
  eden space 75264K, 0% used [0x00000000e0000000,0x00000000e0000000,0x00000000e4980000)
  from space 39424K, 0% used [0x00000000e7d00000,0x00000000e7d00000,0x00000000ea380000)
  to   space 46080K, 0% used [0x00000000e4980000,0x00000000e4980000,0x00000000e7680000)
 ParOldGen       total 292864K, used 184477K [0x00000000a0000000, 0x00000000b1e00000, 0x00000000e0000000)
  object space 292864K, 62% used [0x00000000a0000000,0x00000000ab427750,0x00000000b1e00000)
 Metaspace       used 152356K, committed 153472K, reserved 1187840K
  class space    used 19416K, committed 19968K, reserved 1048576K
}
Event: 1536.862 GC heap before
{Heap before GC invocations=91 (full 9):
 PSYoungGen      total 114688K, used 75264K [0x00000000e0000000, 0x00000000ea380000, 0x0000000100000000)
  eden space 75264K, 100% used [0x00000000e0000000,0x00000000e4980000,0x00000000e4980000)
  from space 39424K, 0% used [0x00000000e7d00000,0x00000000e7d00000,0x00000000ea380000)
  to   space 46080K, 0% used [0x00000000e4980000,0x00000000e4980000,0x00000000e7680000)
 ParOldGen       total 292864K, used 184477K [0x00000000a0000000, 0x00000000b1e00000, 0x00000000e0000000)
  object space 292864K, 62% used [0x00000000a0000000,0x00000000ab427750,0x00000000b1e00000)
 Metaspace       used 152359K, committed 153472K, reserved 1187840K
  class space    used 19416K, committed 19968K, reserved 1048576K
}
Event: 1536.898 GC heap after
{Heap after GC invocations=91 (full 9):
 PSYoungGen      total 121344K, used 17696K [0x00000000e0000000, 0x00000000ea980000, 0x0000000100000000)
  eden space 75264K, 0% used [0x00000000e0000000,0x00000000e0000000,0x00000000e4980000)
  from space 46080K, 38% used [0x00000000e4980000,0x00000000e5ac8080,0x00000000e7680000)
  to   space 43520K, 0% used [0x00000000e7f00000,0x00000000e7f00000,0x00000000ea980000)
 ParOldGen       total 292864K, used 184477K [0x00000000a0000000, 0x00000000b1e00000, 0x00000000e0000000)
  object space 292864K, 62% used [0x00000000a0000000,0x00000000ab427750,0x00000000b1e00000)
 Metaspace       used 152359K, committed 153472K, reserved 1187840K
  class space    used 19416K, committed 19968K, reserved 1048576K
}
Event: 1537.031 GC heap before
{Heap before GC invocations=92 (full 9):
 PSYoungGen      total 121344K, used 92960K [0x00000000e0000000, 0x00000000ea980000, 0x0000000100000000)
  eden space 75264K, 100% used [0x00000000e0000000,0x00000000e4980000,0x00000000e4980000)
  from space 46080K, 38% used [0x00000000e4980000,0x00000000e5ac8080,0x00000000e7680000)
  to   space 43520K, 0% used [0x00000000e7f00000,0x00000000e7f00000,0x00000000ea980000)
 ParOldGen       total 292864K, used 184477K [0x00000000a0000000, 0x00000000b1e00000, 0x00000000e0000000)
  object space 292864K, 62% used [0x00000000a0000000,0x00000000ab427750,0x00000000b1e00000)
 Metaspace       used 152360K, committed 153472K, reserved 1187840K
  class space    used 19416K, committed 19968K, reserved 1048576K
}
Event: 1537.069 GC heap after
{Heap after GC invocations=92 (full 9):
 PSYoungGen      total 131072K, used 17504K [0x00000000e0000000, 0x00000000ea880000, 0x0000000100000000)
  eden space 88576K, 0% used [0x00000000e0000000,0x00000000e0000000,0x00000000e5680000)
  from space 42496K, 41% used [0x00000000e7f00000,0x00000000e9018050,0x00000000ea880000)
  to   space 41472K, 0% used [0x00000000e5680000,0x00000000e5680000,0x00000000e7f00000)
 ParOldGen       total 292864K, used 201750K [0x00000000a0000000, 0x00000000b1e00000, 0x00000000e0000000)
  object space 292864K, 68% used [0x00000000a0000000,0x00000000ac505800,0x00000000b1e00000)
 Metaspace       used 152360K, committed 153472K, reserved 1187840K
  class space    used 19416K, committed 19968K, reserved 1048576K
}
Event: 1537.231 GC heap before
{Heap before GC invocations=93 (full 9):
 PSYoungGen      total 131072K, used 106080K [0x00000000e0000000, 0x00000000ea880000, 0x0000000100000000)
  eden space 88576K, 100% used [0x00000000e0000000,0x00000000e5680000,0x00000000e5680000)
  from space 42496K, 41% used [0x00000000e7f00000,0x00000000e9018050,0x00000000ea880000)
  to   space 41472K, 0% used [0x00000000e5680000,0x00000000e5680000,0x00000000e7f00000)
 ParOldGen       total 292864K, used 201750K [0x00000000a0000000, 0x00000000b1e00000, 0x00000000e0000000)
  object space 292864K, 68% used [0x00000000a0000000,0x00000000ac505800,0x00000000b1e00000)
 Metaspace       used 152360K, committed 153472K, reserved 1187840K
  class space    used 19416K, committed 19968K, reserved 1048576K
}
Event: 1537.284 GC heap after
{Heap after GC invocations=93 (full 9):
 PSYoungGen      total 130048K, used 19695K [0x00000000e0000000, 0x00000000eb600000, 0x0000000100000000)
  eden space 88576K, 0% used [0x00000000e0000000,0x00000000e0000000,0x00000000e5680000)
  from space 41472K, 47% used [0x00000000e5680000,0x00000000e69bbd88,0x00000000e7f00000)
  to   space 40448K, 0% used [0x00000000e8e80000,0x00000000e8e80000,0x00000000eb600000)
 ParOldGen       total 292864K, used 219186K [0x00000000a0000000, 0x00000000b1e00000, 0x00000000e0000000)
  object space 292864K, 74% used [0x00000000a0000000,0x00000000ad60c860,0x00000000b1e00000)
 Metaspace       used 152360K, committed 153472K, reserved 1187840K
  class space    used 19416K, committed 19968K, reserved 1048576K
}
Event: 1537.406 GC heap before
{Heap before GC invocations=94 (full 9):
 PSYoungGen      total 130048K, used 108271K [0x00000000e0000000, 0x00000000eb600000, 0x0000000100000000)
  eden space 88576K, 100% used [0x00000000e0000000,0x00000000e5680000,0x00000000e5680000)
  from space 41472K, 47% used [0x00000000e5680000,0x00000000e69bbd88,0x00000000e7f00000)
  to   space 40448K, 0% used [0x00000000e8e80000,0x00000000e8e80000,0x00000000eb600000)
 ParOldGen       total 292864K, used 219186K [0x00000000a0000000, 0x00000000b1e00000, 0x00000000e0000000)
  object space 292864K, 74% used [0x00000000a0000000,0x00000000ad60c860,0x00000000b1e00000)
 Metaspace       used 152360K, committed 153472K, reserved 1187840K
  class space    used 19416K, committed 19968K, reserved 1048576K
}
Event: 1537.456 GC heap after
{Heap after GC invocations=94 (full 9):
 PSYoungGen      total 143872K, used 19056K [0x00000000e0000000, 0x00000000eb380000, 0x0000000100000000)
  eden space 105984K, 0% used [0x00000000e0000000,0x00000000e0000000,0x00000000e6780000)
  from space 37888K, 50% used [0x00000000e8e80000,0x00000000ea11c038,0x00000000eb380000)
  to   space 38912K, 0% used [0x00000000e6780000,0x00000000e6780000,0x00000000e8d80000)
 ParOldGen       total 292864K, used 238877K [0x00000000a0000000, 0x00000000b1e00000, 0x00000000e0000000)
  object space 292864K, 81% used [0x00000000a0000000,0x00000000ae947630,0x00000000b1e00000)
 Metaspace       used 152360K, committed 153472K, reserved 1187840K
  class space    used 19416K, committed 19968K, reserved 1048576K
}

